
--- Job runvSPD.gms Start 07/24/23 15:30:53 36.2.0 r433180e WEX-WEI x86 64bit/MS Windows
--- Applying:
    C:\GAMS\36\gmsprmNT.txt
--- GAMS Parameters defined
    Input C:\vSPD\vSPD\Programs\runvSPD.gms
    PageWidth 80
    PageSize 0
    PageContr 3
    Action CE
    ScrDir C:\vSPD\vSPD\Programs\225a\
    SysDir C:\GAMS\36\
    WorkDir C:\vSPD\vSPD\Programs\
    LogOption 3
    DFormat 0
    TFormat 0
    ErrorLog 99
    IDE 1
Licensee: Small MUD-5 User License                       G220916|0002CO-GEN
          Electricity Authority - Te Mana Hiko,                  DC5643-S10
          C:\GAMS\36\gamslice.txt
          License Admin: Phil Bishop, Phil.Bishop@ea.govt.nz               
Processor information: 1 socket(s), 4 core(s), and 8 thread(s) available
GAMS 36.2.0   Copyright (C) 1987-2021 GAMS Development. All rights reserved
--- Starting compilation
--- runvSPD.gms(13) 2 Mb
--- call cls
--- runvSPD.gms(14) 2 Mb
--- $echo File C:\vSPD\vSPD\Programs\con
--- runvSPD.gms(24) 2 Mb
--- . vSPDsettings.inc(52) 2 Mb
--- runvSPD.gms(49) 2 Mb
--- . vSPDfileList.inc(3) 3 Mb
--- runvSPD.gms(62) 3 Mb
--- call gams vSPDmodel.gms s=vSPDmodel
--- Job vSPDmodel.gms Start 07/24/23 15:30:53 36.2.0 r433180e WEX-WEI x86 64bit/MS Windows
--- Applying:
    C:\GAMS\36\gmsprmNT.txt
--- GAMS Parameters defined
    Input C:\vSPD\vSPD\Programs\vSPDmodel.gms
    Save C:\vSPD\vSPD\Programs\vSPDmodel.g0?
    ScrDir C:\vSPD\vSPD\Programs\225b\
    SysDir C:\GAMS\36\
Licensee: Small MUD-5 User License                       G220916|0002CO-GEN
          Electricity Authority - Te Mana Hiko,                  DC5643-S10
          C:\GAMS\36\gamslice.txt
          License Admin: Phil Bishop, Phil.Bishop@ea.govt.nz               
Processor information: 1 socket(s), 4 core(s), and 8 thread(s) available
GAMS 36.2.0   Copyright (C) 1987-2021 GAMS Development. All rights reserved
--- Starting compilation
--- vSPDmodel.gms(2098) 3 Mb
--- Starting execution: elapsed 0:00:00.011
*** Status: Normal completion
--- Job vSPDmodel.gms Stop 07/24/23 15:30:53 elapsed 0:00:00.013
--- runvSPD.gms(149) 3 Mb
--- Starting execution: elapsed 0:00:00.118
--- runvSPD.gms(120) 4 Mb
--- runvSPD.gms(121) 4 Mb
--- runvSPD.gms(122) 4 Mb
--- runvSPD.gms(123) 4 Mb
--- runvSPD.gms(124) 4 Mb
vSPDfileList.inc
vSPDsettings.inc
vSPDtpsToSolve.inc
        3 file(s) copied.
--- runvSPD.gms(125) 4 Mb
runvSPD.gms
vSPDmodel.gms
vSPDoverrides.gms
vSPDperiod.gms
vSPDreport.gms
vSPDreportSetup.gms
vSPDsolve.gms
vSPD_testCode.gms
        8 file(s) copied.
--- runvSPD.gms(126) 4 Mb
        1 file(s) copied.
--- runvSPD.gms(130) 4 Mb
--- Job DPSreportSetup.gms Start 07/24/23 15:30:54 36.2.0 r433180e WEX-WEI x86 64bit/MS Windows
--- Applying:
    C:\GAMS\36\gmsprmNT.txt
--- GAMS Parameters defined
    Input C:\vSPD\vSPD\Programs\Demand\DPSreportSetup.gms
    ScrDir C:\vSPD\vSPD\Programs\225b\
    SysDir C:\GAMS\36\
Licensee: Small MUD-5 User License                       G220916|0002CO-GEN
          Electricity Authority - Te Mana Hiko,                  DC5643-S10
          C:\GAMS\36\gamslice.txt
          License Admin: Phil Bishop, Phil.Bishop@ea.govt.nz               
Processor information: 1 socket(s), 4 core(s), and 8 thread(s) available
GAMS 36.2.0   Copyright (C) 1987-2021 GAMS Development. All rights reserved
--- Starting compilation
--- DPSreportSetup.gms(10) 2 Mb
--- . vSPDsettings.inc(52) 2 Mb
--- DPSreportSetup.gms(25) 2 Mb
--- Starting execution: elapsed 0:00:00.005
--- DPSreportSetup.gms(77) 3 Mb
--- Putfile DPSNodeResults C:\vSPD\vSPD\Output\PRSS_202304052230_51302023041030350_20230405223310\PRSS_202304052230_51302023041030350_20230405223310_NodePriceSensitivity.csv
--- Putfile DPSIslandResults C:\vSPD\vSPD\Output\PRSS_202304052230_51302023041030350_20230405223310\PRSS_202304052230_51302023041030350_20230405223310_IslandSensitivity.csv
*** Status: Normal completion
--- Job DPSreportSetup.gms Stop 07/24/23 15:30:54 elapsed 0:00:00.088
--- runvSPD.gms(131) 4 Mb
--- runvSPD.gms(132) 4 Mb
Demand\DPSreportSetup.gms
Demand\non_conforming_load.inc
Demand\pricing_nodes.inc
Demand\Scenarios.gms
Demand\vSPDSolveDPS_1.gms
Demand\vSPDSolveDPS_2.gms
Demand\vSPDSolveDPS_3.gms
Demand\vSPDSolveDPS_4.gms
        8 file(s) copied.
--- runvSPD.gms(140) 4 Mb
--- Job DPSreportSetup.gms Start 07/24/23 15:30:54 36.2.0 r433180e WEX-WEI x86 64bit/MS Windows
--- Applying:
    C:\GAMS\36\gmsprmNT.txt
--- GAMS Parameters defined
    Input C:\vSPD\vSPD\Programs\Demand\DPSreportSetup.gms
    ScrDir C:\vSPD\vSPD\Programs\225b\
    SysDir C:\GAMS\36\
Licensee: Small MUD-5 User License                       G220916|0002CO-GEN
          Electricity Authority - Te Mana Hiko,                  DC5643-S10
          C:\GAMS\36\gamslice.txt
          License Admin: Phil Bishop, Phil.Bishop@ea.govt.nz               
Processor information: 1 socket(s), 4 core(s), and 8 thread(s) available
GAMS 36.2.0   Copyright (C) 1987-2021 GAMS Development. All rights reserved
--- Starting compilation
--- DPSreportSetup.gms(10) 2 Mb
--- . vSPDsettings.inc(52) 2 Mb
--- DPSreportSetup.gms(25) 2 Mb
--- Starting execution: elapsed 0:00:00.005
--- DPSreportSetup.gms(77) 3 Mb
--- Putfile DPSNodeResults C:\vSPD\vSPD\Output\PRSS_202304052230_51302023041030350_20230405223310\PRSS_202304052230_51302023041030350_20230405223310_NodePriceSensitivity.csv
--- Putfile DPSIslandResults C:\vSPD\vSPD\Output\PRSS_202304052230_51302023041030350_20230405223310\PRSS_202304052230_51302023041030350_20230405223310_IslandSensitivity.csv
*** Status: Normal completion
--- Job DPSreportSetup.gms Stop 07/24/23 15:30:54 elapsed 0:00:00.100
--- runvSPD.gms(147) 4 Mb
--- Job vSPDperiod Start 07/24/23 15:30:54 36.2.0 r433180e WEX-WEI x86 64bit/MS Windows
--- Applying:
    C:\GAMS\36\gmsprmNT.txt
--- GAMS Parameters defined
    Input C:\vSPD\vSPD\Programs\vSPDperiod.gms
    ScrDir C:\vSPD\vSPD\Programs\225b\
    SysDir C:\GAMS\36\
Licensee: Small MUD-5 User License                       G220916|0002CO-GEN
          Electricity Authority - Te Mana Hiko,                  DC5643-S10
          C:\GAMS\36\gamslice.txt
          License Admin: Phil Bishop, Phil.Bishop@ea.govt.nz               
Processor information: 1 socket(s), 4 core(s), and 8 thread(s) available
GAMS 36.2.0   Copyright (C) 1987-2021 GAMS Development. All rights reserved
--- Starting compilation
--- vSPDperiod.gms(14) 2 Mb
--- . vSPDsettings.inc(52) 2 Mb
--- vSPDperiod.gms(15) 2 Mb
--- . vSPDcase.inc(1) 2 Mb
--- vSPDperiod.gms(39) 2 Mb
--- GDXin=C:\vSPD\vSPD\Input\RTD_20230601_new.gdx
--- GDX File ($gdxIn) C:\vSPD\vSPD\Input\RTD_20230601_new.gdx
--- vSPDperiod.gms(40) 2 Mb 1 Error
*** Error 495 in C:\vSPD\vSPD\Programs\vSPDperiod.gms
    Load dimensions are different
--- vSPDperiod.gms(41) 2 Mb 2 Errors
*** Error 495 in C:\vSPD\vSPD\Programs\vSPDperiod.gms
    Load dimensions are different
--- vSPDperiod.gms(42) 2 Mb 3 Errors
*** Error 495 in C:\vSPD\vSPD\Programs\vSPDperiod.gms
    Load dimensions are different
--- vSPDperiod.gms(43) 2 Mb 4 Errors
*** Error 495 in C:\vSPD\vSPD\Programs\vSPDperiod.gms
    Load dimensions are different
--- vSPDperiod.gms(52) 3 Mb
--- . vSPDtpsToSolve.inc(17) 3 Mb
--- vSPDperiod.gms(55) 3 Mb 5 Errors
*** Error 352 in C:\vSPD\vSPD\Programs\vSPDperiod.gms
    Set has not been initialized
--- vSPDperiod.gms(56) 3 Mb 6 Errors
*** Error 352 in C:\vSPD\vSPD\Programs\vSPDperiod.gms
    Set has not been initialized
--- vSPDperiod.gms(58) 3 Mb 8 Errors
*** Error 352 in C:\vSPD\vSPD\Programs\vSPDperiod.gms
    Set has not been initialized
*** Error 352 in C:\vSPD\vSPD\Programs\vSPDperiod.gms
    Set has not been initialized
--- vSPDperiod.gms(59) 3 Mb 10 Errors
*** Error 352 in C:\vSPD\vSPD\Programs\vSPDperiod.gms
    Set has not been initialized
*** Error 352 in C:\vSPD\vSPD\Programs\vSPDperiod.gms
    Set has not been initialized
--- vSPDperiod.gms(61) 3 Mb 11 Errors
*** Error 352 in C:\vSPD\vSPD\Programs\vSPDperiod.gms
    Set has not been initialized
--- vSPDperiod.gms(64) 3 Mb 16 Errors
*** Error 352 in C:\vSPD\vSPD\Programs\vSPDperiod.gms
    Set has not been initialized
*** Error 352 in C:\vSPD\vSPD\Programs\vSPDperiod.gms
    Set has not been initialized
*** Error 141 in C:\vSPD\vSPD\Programs\vSPDperiod.gms
    Symbol declared but no values have been assigned. Check for missing
       data definition, assignment, data loading or implicit assignment
       via a solve statement.
       A wild shot: You may have spurious commas in the explanatory
       text of a declaration. Check symbol reference list.
*** Error 352 in C:\vSPD\vSPD\Programs\vSPDperiod.gms
    Set has not been initialized
*** Error 352 in C:\vSPD\vSPD\Programs\vSPDperiod.gms
    Set has not been initialized
--- vSPDperiod.gms(65) 3 Mb 20 Errors
*** Error 352 in C:\vSPD\vSPD\Programs\vSPDperiod.gms
    Set has not been initialized
*** Error 352 in C:\vSPD\vSPD\Programs\vSPDperiod.gms
    Set has not been initialized
*** Error 352 in C:\vSPD\vSPD\Programs\vSPDperiod.gms
    Set has not been initialized
*** Error 352 in C:\vSPD\vSPD\Programs\vSPDperiod.gms
    Set has not been initialized
--- vSPDperiod.gms(67) 3 Mb 26 Errors
*** Error 352 in C:\vSPD\vSPD\Programs\vSPDperiod.gms
    Set has not been initialized
*** Error 352 in C:\vSPD\vSPD\Programs\vSPDperiod.gms
    Set has not been initialized
*** Error 352 in C:\vSPD\vSPD\Programs\vSPDperiod.gms
    Set has not been initialized
*** Error 352 in C:\vSPD\vSPD\Programs\vSPDperiod.gms
    Set has not been initialized
*** Error 352 in C:\vSPD\vSPD\Programs\vSPDperiod.gms
    Set has not been initialized
*** Error 352 in C:\vSPD\vSPD\Programs\vSPDperiod.gms
    Set has not been initialized
--- vSPDperiod.gms(75) 3 Mb 26 Errors
*** Status: Compilation error(s)
--- Job vSPDperiod.gms Stop 07/24/23 15:30:54 elapsed 0:00:00.104
--- runvSPD.gms(170) 4 Mb
--- runvSPD.gms(172) 4 Mb
        1 file(s) moved.
--- runvSPD.gms(174) 4 Mb
C:\vSPD\vSPD\Programs\runvSPD.lst
--- runvSPD.gms(175) 4 Mb
--- runvSPD.gms(176) 4 Mb
C:\vSPD\vSPD\Programs\runvSPD.lxi
--- runvSPD.gms(177) 4 Mb
C:\vSPD\vSPD\Programs\runvSPD.log
--- runvSPD.gms(178) 4 Mb
The process cannot access the file because it is being used by another process.
The process cannot access the file because it is being used by another process.
The process cannot access the file because it is being used by another process.
--- runvSPD.gms(179) 4 Mb
--- runvSPD.gms(180) 4 Mb
--- runvSPD.gms(181) 4 Mb
--- Putfile rep C:\vSPD\vSPD\Programs\ProgressReport.txt
--- Putfile temp C:\vSPD\vSPD\Programs\temp.put
--- Putfile vSPDcase C:\vSPD\vSPD\Programs\vSPDcase.inc
*** Status: Normal completion
--- Job runvSPD.gms Stop 07/24/23 15:30:54 elapsed 0:00:01.120
