
--- Job runvSPD.gms Start 07/28/23 13:59:01 42.5.0 cf11b917 WEX-WEI x86 64bit/MS Windows
--- Applying:
    C:\GAMS\42\gmsprmNT.txt
--- GAMS Parameters defined
    Input C:\vSPD\vSPD\Programs\runvSPD.gms
    PageSize 0
    ScrDir C:\vSPD\vSPD\Programs\225a\
    SysDir C:\GAMS\42\
    LogOption 3
    ErrMsg 1
    ErrorLog 99
    IDE 1
    LstTitleLeftAligned 1
Licensee: Small MUD-5 User License                       G220916|0002CO-GEN
          Electricity Authority - Te Mana Hiko,                  DC5643-S10
          C:\GAMS\42\gamslice.txt
          License Admin: Phil Bishop, Phil.Bishop@ea.govt.nz               
Processor information: 1 socket(s), 4 core(s), and 8 thread(s) available
GAMS 42.5.0   Copyright (C) 1987-2023 GAMS Development. All rights reserved
--- Starting compilation
--- runvSPD.gms(13) 2 Mb
--- call cls
--- runvSPD.gms(14) 2 Mb
--- $echo File C:\vSPD\vSPD\Programs\con
--- runvSPD.gms(24) 2 Mb
--- . vSPDsettings.inc(52) 2 Mb
--- runvSPD.gms(49) 2 Mb
--- . vSPDfileList.inc(3) 3 Mb
--- runvSPD.gms(62) 3 Mb
--- call gams vSPDmodel.gms s=vSPDmodel
--- Job vSPDmodel.gms Start 07/28/23 13:59:01 42.5.0 cf11b917 WEX-WEI x86 64bit/MS Windows
--- Applying:
    C:\GAMS\42\gmsprmNT.txt
--- GAMS Parameters defined
    Input C:\vSPD\vSPD\Programs\vSPDmodel.gms
    Save C:\vSPD\vSPD\Programs\vSPDmodel.g0?
    ScrDir C:\vSPD\vSPD\Programs\225b\
    SysDir C:\GAMS\42\
Licensee: Small MUD-5 User License                       G220916|0002CO-GEN
          Electricity Authority - Te Mana Hiko,                  DC5643-S10
          C:\GAMS\42\gamslice.txt
          License Admin: Phil Bishop, Phil.Bishop@ea.govt.nz               
Processor information: 1 socket(s), 4 core(s), and 8 thread(s) available
GAMS 42.5.0   Copyright (C) 1987-2023 GAMS Development. All rights reserved
--- Starting compilation
--- vSPDmodel.gms(2105) 3 Mb
--- Starting execution: elapsed 0:00:00.020
*** Status: Normal completion
--- Job vSPDmodel.gms Stop 07/28/23 13:59:01 elapsed 0:00:00.022
--- runvSPD.gms(149) 3 Mb
--- Starting execution: elapsed 0:00:00.141
--- runvSPD.gms(120) 4 Mb
--- runvSPD.gms(121) 4 Mb
--- runvSPD.gms(122) 4 Mb
--- runvSPD.gms(123) 4 Mb
--- runvSPD.gms(124) 4 Mb
vSPDcase.inc
vSPDfileList.inc
vSPDsettings.inc
vSPDtpsToSolve.inc
        4 file(s) copied.
--- runvSPD.gms(125) 4 Mb
runvSPD.gms
vSPDmodel.gms
vSPDoverrides.gms
vSPDperiod.gms
vSPDreport.gms
vSPDreportSetup.gms
vSPDsolve - Copy.gms
vSPDsolve.gms
vSPD_testCode.gms
        9 file(s) copied.
--- runvSPD.gms(126) 4 Mb
        1 file(s) copied.
--- runvSPD.gms(138) 4 Mb
--- Job vSPDreportSetup.gms Start 07/28/23 13:59:01 42.5.0 cf11b917 WEX-WEI x86 64bit/MS Windows
--- Applying:
    C:\GAMS\42\gmsprmNT.txt
--- GAMS Parameters defined
    Input C:\vSPD\vSPD\Programs\vSPDreportSetup.gms
    ScrDir C:\vSPD\vSPD\Programs\225b\
    SysDir C:\GAMS\42\
Licensee: Small MUD-5 User License                       G220916|0002CO-GEN
          Electricity Authority - Te Mana Hiko,                  DC5643-S10
          C:\GAMS\42\gamslice.txt
          License Admin: Phil Bishop, Phil.Bishop@ea.govt.nz               
Processor information: 1 socket(s), 4 core(s), and 8 thread(s) available
GAMS 42.5.0   Copyright (C) 1987-2023 GAMS Development. All rights reserved
--- Starting compilation
--- vSPDreportSetup.gms(14) 2 Mb
--- . vSPDsettings.inc(52) 2 Mb
--- vSPDreportSetup.gms(146) 2 Mb
--- Starting execution: elapsed 0:00:00.008
--- vSPDreportSetup.gms(151) 3 Mb
--- Putfile rep C:\vSPD\vSPD\Programs\ProgressReport.txt
--- Putfile summaryResults_TP C:\vSPD\vSPD\Output\RTD_20230601_0030\RTD_20230601_0030_SummaryResults_TP.csv
--- Putfile islandResults_TP C:\vSPD\vSPD\Output\RTD_20230601_0030\RTD_20230601_0030_IslandResults_TP.csv
--- Putfile busResults_TP C:\vSPD\vSPD\Output\RTD_20230601_0030\RTD_20230601_0030_BusResults_TP.csv
--- Putfile nodeResults_TP C:\vSPD\vSPD\Output\RTD_20230601_0030\RTD_20230601_0030_NodeResults_TP.csv
--- Putfile offerResults_TP C:\vSPD\vSPD\Output\RTD_20230601_0030\RTD_20230601_0030_OfferResults_TP.csv
--- Putfile bidResults_TP C:\vSPD\vSPD\Output\RTD_20230601_0030\RTD_20230601_0030_BidResults_TP.csv
--- Putfile reserveResults_TP C:\vSPD\vSPD\Output\RTD_20230601_0030\RTD_20230601_0030_ReserveResults_TP.csv
--- Putfile riskResults_TP C:\vSPD\vSPD\Output\RTD_20230601_0030\RTD_20230601_0030_RiskResults_TP.csv
--- Putfile branchResults_TP C:\vSPD\vSPD\Output\RTD_20230601_0030\RTD_20230601_0030_BranchResults_TP.csv
--- Putfile brCstrResults_TP C:\vSPD\vSPD\Output\RTD_20230601_0030\RTD_20230601_0030_BrConstraintResults_TP.csv
--- Putfile MNodeCstrResults_TP C:\vSPD\vSPD\Output\RTD_20230601_0030\RTD_20230601_0030_MNodeConstraintResults_TP.csv
*** Status: Normal completion
--- Job vSPDreportSetup.gms Stop 07/28/23 13:59:01 elapsed 0:00:00.016
--- runvSPD.gms(145) 4 Mb
--- Job vSPDperiod Start 07/28/23 13:59:01 42.5.0 cf11b917 WEX-WEI x86 64bit/MS Windows
--- Applying:
    C:\GAMS\42\gmsprmNT.txt
--- GAMS Parameters defined
    Input C:\vSPD\vSPD\Programs\vSPDperiod.gms
    ScrDir C:\vSPD\vSPD\Programs\225b\
    SysDir C:\GAMS\42\
Licensee: Small MUD-5 User License                       G220916|0002CO-GEN
          Electricity Authority - Te Mana Hiko,                  DC5643-S10
          C:\GAMS\42\gamslice.txt
          License Admin: Phil Bishop, Phil.Bishop@ea.govt.nz               
Processor information: 1 socket(s), 4 core(s), and 8 thread(s) available
GAMS 42.5.0   Copyright (C) 1987-2023 GAMS Development. All rights reserved
--- Starting compilation
--- vSPDperiod.gms(14) 2 Mb
--- . vSPDsettings.inc(52) 2 Mb
--- vSPDperiod.gms(15) 2 Mb
--- . vSPDcase.inc(1) 2 Mb
--- vSPDperiod.gms(57) 2 Mb
--- GDXin=C:\vSPD\vSPD\Input\RTD_20230601_new.gdx
--- GDX File ($gdxIn) C:\vSPD\vSPD\Input\RTD_20230601_new.gdx
--- vSPDperiod.gms(70) 3 Mb
--- . vSPDtpsToSolve.inc(17) 3 Mb
--- vSPDperiod.gms(113) 3 Mb
--- Starting execution: elapsed 0:00:00.015
--- vSPDperiod.gms(171) 4 Mb
--- GDX File (execute_unload) C:\vSPD\vSPD\Programs\vSPDperiod.gdx
*** Status: Normal completion
--- Job vSPDperiod.gms Stop 07/28/23 13:59:01 elapsed 0:00:00.016
--- Job vSPDsolve.gms Start 07/28/23 13:59:01 42.5.0 cf11b917 WEX-WEI x86 64bit/MS Windows
--- Applying:
    C:\GAMS\42\gmsprmNT.txt
--- GAMS Parameters defined
    Restart C:\vSPD\vSPD\Programs\vSPDmodel.g0?
    Input C:\vSPD\vSPD\Programs\vSPDsolve.gms
    ScrDir C:\vSPD\vSPD\Programs\225b\
    SysDir C:\GAMS\42\
    LogOption 3
    ErrMsg 1
    IDE 1
    HoldFixed 0
Licensee: Small MUD-5 User License                       G220916|0002CO-GEN
          Electricity Authority - Te Mana Hiko,                  DC5643-S10
          C:\GAMS\42\gamslice.txt
          License Admin: Phil Bishop, Phil.Bishop@ea.govt.nz               
Processor information: 1 socket(s), 4 core(s), and 8 thread(s) available
GAMS 42.5.0   Copyright (C) 1987-2023 GAMS Development. All rights reserved
--- Starting continued compilation
--- Workfile was generated under GAMS version WEX425-425
--- vSPDsolve.gms(39) 3 Mb
--- . Intervals.inc(460) 5 Mb
--- vSPDsolve.gms(40) 5 Mb
--- . vSPDsettings.inc(52) 5 Mb
--- vSPDsolve.gms(41) 5 Mb
--- . vSPDcase.inc(1) 5 Mb
--- vSPDsolve.gms(303) 5 Mb
--- GDXin=C:\vSPD\vSPD\Programs\vSPDPeriod.gdx
--- GDX File ($gdxIn) C:\vSPD\vSPD\Programs\vSPDPeriod.gdx
--- vSPDsolve.gms(308) 5 Mb
--- GDXin=C:\vSPD\vSPD\Input\RTD_20230601_new.gdx
--- GDX File ($gdxIn) C:\vSPD\vSPD\Input\RTD_20230601_new.gdx
--- vSPDsolve.gms(1754) 7 Mb
--- . vSPDreport.gms(435) 7 Mb
--- vSPDsolve.gms(1770) 8 Mb
--- Starting execution: elapsed 0:00:00.280
--- vSPDsolve.gms(3055) 9 Mb
--- GDXin=C:\vSPD\vSPD\Input\RTD_20230601_new.gdx
--- GDX File (execute_load) C:\vSPD\vSPD\Input\RTD_20230601_new.gdx
--- vSPDsolve.gms(3462) 23 Mb
--- Generating MIP model vSPD_NMIR
--- vSPDsolve.gms(3736) 36 Mb
--- LOOPS FOR/WHILE = 1
---       ca = 311012023051230886
---       dt = 01-JUN-2023 00:30
---   31,784 rows  56,138 columns  107,601 non-zeroes
---   16 discrete-columns
--- Range statistics (absolute non-zero finite values)
--- RHS       [min, max] : [ 1.650E-03, 7.156E+07] - Zero values observed as well
--- Bound     [min, max] : [ 1.000E-03, 9.999E+03] - Zero values observed as well
--- Matrix    [min, max] : [ 1.098E-07, 1.000E+06]
--- Executing CPLEX (Solvelink=2): elapsed 0:00:00.960

IBM ILOG CPLEX   42.5.0 cf11b917 Mar 30, 2023          WEI x86 64bit/MS Window

--- GAMS/Cplex Link licensed for continuous and discrete problems.

Reading parameter(s) from "C:\vSPD\vSPD\Programs\cplex.opt"
>>  sos1reform = -1
>>  sos2reform = -1
Finished reading from "C:\vSPD\vSPD\Programs\cplex.opt"

--- GMO setup time: 0.00s
--- Space for names approximately 7.62 Mb
--- Use option 'names no' to turn use of names off
--- GMO memory 15.16 Mb (peak 15.58 Mb)
--- Dictionary memory 0.00 Mb
--- Cplex 22.1.1.0 link memory 1.43 Mb (peak 11.45 Mb)
--- Starting Cplex

Version identifier: 22.1.1.0 | 2022-11-27 | 9160aff4d
CPXPARAM_Advance                                 0
CPXPARAM_Threads                                 1
CPXPARAM_MIP_Display                             4
CPXPARAM_MIP_Pool_Capacity                       0
CPXPARAM_Preprocessing_SOS1Reform                -1
CPXPARAM_Preprocessing_SOS2Reform                -1
CPXPARAM_Simplex_Limits_Iterations               2000000000
CPXPARAM_TimeLimit                               3600
CPXPARAM_MIP_Tolerances_AbsMIPGap                0
CPXPARAM_MIP_Tolerances_MIPGap                   0
Generic callback                                 0x50
Tried aggregator 7 times.
MIP Presolve eliminated 14502 rows and 29002 columns.
MIP Presolve modified 8382 coefficients.
Aggregator did 13282 substitutions.
Reduced MIP has 3999 rows, 13848 columns, and 32042 nonzeros.
Reduced MIP has 9 binaries, 0 generals, 10 SOSs, and 0 indicators.
Presolve time = 0.14 sec. (134.39 ticks)
Probing fixed 0 vars, tightened 2 bounds.
Probing time = 0.00 sec. (0.33 ticks)
Tried aggregator 1 time.
Detecting symmetries...
MIP Presolve eliminated 80 rows and 248 columns.
Reduced MIP has 3919 rows, 13600 columns, and 31558 nonzeros.
Reduced MIP has 9 binaries, 0 generals, 10 SOSs, and 0 indicators.
Presolve time = 0.02 sec. (19.94 ticks)
Probing time = 0.00 sec. (0.29 ticks)
Clique table members: 14.
MIP emphasis: balance optimality and feasibility.
MIP search method: dynamic search.
Parallel mode: none, using 1 thread.

Iteration log . . .
Iteration:     1   Dual objective     =      71563424.083285
Perturbation started.
Iteration:   101   Dual objective     =      71563424.083285
Iteration:   389   Dual objective     =      71563423.431373
Iteration:   605   Dual objective     =      71563265.663783
Iteration:   823   Dual objective     =      71563264.948307
Iteration:  1030   Dual objective     =      71563264.626874
Iteration:  1234   Dual objective     =      71563264.616732
Iteration:  1423   Dual objective     =      71563264.606834
Iteration:  1612   Dual objective     =      71563264.592699
Iteration:  1804   Dual objective     =      71563264.571793
Iteration:  1982   Dual objective     =      71563264.569802
Iteration:  2152   Dual objective     =      71563264.487250
Iteration:  2308   Dual objective     =      71563264.485323
Iteration:  2471   Dual objective     =      71563264.484332
Iteration:  2596   Dual objective     =      71563264.481881
Iteration:  2745   Dual objective     =      71563264.478244
Iteration:  2929   Dual objective     =      71563263.496854
Iteration:  3108   Dual objective     =      71563263.142051
Iteration:  3297   Dual objective     =      71563263.107045
Iteration:  3489   Dual objective     =      71563262.514303
Iteration:  3698   Dual objective     =      71563262.329156
Iteration:  3875   Dual objective     =      71563262.257261
Iteration:  4034   Dual objective     =      71563262.245883
Iteration:  4189   Dual objective     =      71563262.234296
Iteration:  4359   Dual objective     =      71563262.214315
Iteration:  4543   Dual objective     =      71563262.073112
Iteration:  4660   Dual objective     =      71563262.070350
Iteration:  4822   Dual objective     =      71563261.849365
Iteration:  4948   Dual objective     =      71563261.736539
Iteration:  5111   Dual objective     =      71563261.699147
Iteration:  5279   Dual objective     =      71563261.650725
Iteration:  5420   Dual objective     =      71563261.406442
Iteration:  5558   Dual objective     =      71563260.568819
Iteration:  5698   Dual objective     =      71563252.495677
Iteration:  5841   Dual objective     =      71563251.458252
Iteration:  5969   Dual objective     =      71563251.108951
Iteration:  6091   Dual objective     =      71563250.796021
Iteration:  6173   Dual objective     =      71563250.436470
Removing perturbation.
Root relaxation solution time = 0.17 sec. (288.76 ticks)

        Nodes                                         Cuts/
   Node  Left     Objective  IInf  Best Integer    Best Bound    ItCnt     Gap

      0     0   7.15633e+07     6                 7.15633e+07     6245         
      0     0   7.15632e+07     3                    Cuts: 67     6275         
*     0+    0                       6.35837e+07   7.15632e+07            12.55%
Found incumbent of value 6.3583731e+07 after 0.41 sec. (528.49 ticks)
      0     2   7.15632e+07     3   6.35837e+07   7.15632e+07     6275   12.55%
Elapsed time = 0.47 sec. (618.86 ticks, tree = 0.01 MB)
*     4     2      integral     0   7.15632e+07   7.15632e+07     6301    0.00%
Found incumbent of value 7.1563247e+07 after 0.47 sec. (632.35 ticks)

Implied bound cuts applied:  12
Flow cuts applied:  16
Mixed integer rounding cuts applied:  10
Gomory fractional cuts applied:  1

Root node processing (before b&c):
  Real time             =    0.47 sec. (618.54 ticks)
Sequential b&c:
  Real time             =    0.02 sec. (16.00 ticks)
                          ------------
Total (root+branch&cut) =    0.48 sec. (634.55 ticks)

--- MIP status (101): integer optimal solution.
--- Cplex Time: 0.48sec (det. 634.71 ticks)

--- Returning a primal only solution to GAMS (marginals all set to NA).
--- Fixing integer variables and solving final LP...

Version identifier: 22.1.1.0 | 2022-11-27 | 9160aff4d
CPXPARAM_Advance                                 2
CPXPARAM_Threads                                 1
CPXPARAM_MIP_Display                             4
CPXPARAM_MIP_Pool_Capacity                       0
CPXPARAM_Preprocessing_SOS1Reform                -1
CPXPARAM_Preprocessing_SOS2Reform                -1
CPXPARAM_Simplex_Limits_Iterations               2000000000
CPXPARAM_TimeLimit                               3600
CPXPARAM_MIP_Tolerances_AbsMIPGap                0
CPXPARAM_MIP_Tolerances_MIPGap                   0
Tried aggregator 1 time.
LP Presolve eliminated 14515 rows and 29010 columns.
Aggregator did 13178 substitutions.
Reduced LP has 4090 rows, 13950 columns, and 32478 nonzeros.
Presolve time = 0.05 sec. (49.18 ticks)
Initializing dual steep norms . . .

Iteration log . . .
Iteration:     1   Dual objective     =      71563424.083290
Iteration:   323   Dual objective     =      71563265.187129
Iteration:   621   Dual objective     =      71563265.071565
Iteration:   844   Dual objective     =      71563265.071565
Perturbation started.
Iteration:   904   Dual objective     =      71563265.071565
Iteration:  1055   Dual objective     =      71563265.061635
Iteration:  1195   Dual objective     =      71563264.978403
Iteration:  1345   Dual objective     =      71563264.331515
Iteration:  1528   Dual objective     =      71563261.722888
Iteration:  1748   Dual objective     =      71563261.349105
Iteration:  1927   Dual objective     =      71563261.338552
Iteration:  2065   Dual objective     =      71563261.330843
Iteration:  2252   Dual objective     =      71563261.293860
Iteration:  2438   Dual objective     =      71563261.196610
Iteration:  2581   Dual objective     =      71563260.878188
Iteration:  2747   Dual objective     =      71563260.834964
Iteration:  2912   Dual objective     =      71563260.220737
Iteration:  3063   Dual objective     =      71563254.552001
Iteration:  3215   Dual objective     =      71563251.630776
Iteration:  3378   Dual objective     =      71563249.874087
Iteration:  3523   Dual objective     =      71563247.459736
Iteration:  3632   Dual objective     =      71563247.351383
Iteration:  3725   Dual objective     =      71563247.038846
Removing perturbation.
Iteration:  3752   Scaled dual infeas =             0.000002

--- Fixed MIP status (1): optimal.
--- Cplex Time: 0.17sec (det. 281.50 ticks)


Proven optimal solution
MIP Solution:     71563247.060132    (6301 iterations, 6 nodes)
Final Solve:      71563247.060132    (3755 iterations)

Best possible:    71563247.060132
Absolute gap:            0.000000
Relative gap:            0.000000

--- Reading solution for model vSPD_NMIR
--- Executing after solve: elapsed 0:00:01.825
--- vSPDsolve.gms(3462) 36 Mb
--- Generating MIP model vSPD_BranchFlowMIP
--- vSPDsolve.gms(3817) 42 Mb
--- LOOPS FOR/WHILE = 1
---       ca = 311012023051230886
---       dt = 01-JUN-2023 00:30
---   34,091 rows  57,682 columns  113,757 non-zeroes
---   14 discrete-columns
--- Range statistics (absolute non-zero finite values)
--- RHS       [min, max] : [ 1.650E-03, 7.156E+07] - Zero values observed as well
--- Bound     [min, max] : [ 1.000E-03, 9.999E+03] - Zero values observed as well
--- Matrix    [min, max] : [ 1.098E-07, 1.000E+06]
--- Executing CPLEX (Solvelink=2): elapsed 0:00:01.934

IBM ILOG CPLEX   42.5.0 cf11b917 Mar 30, 2023          WEI x86 64bit/MS Window

--- GAMS/Cplex Link licensed for continuous and discrete problems.

Reading parameter(s) from "C:\vSPD\vSPD\Programs\cplex.opt"
>>  sos1reform = -1
>>  sos2reform = -1
Finished reading from "C:\vSPD\vSPD\Programs\cplex.opt"

--- GMO setup time: 0.00s
--- Space for names approximately 8.00 Mb
--- Use option 'names no' to turn use of names off
--- GMO memory 16.09 Mb (peak 16.53 Mb)
--- Dictionary memory 0.00 Mb
--- Cplex 22.1.1.0 link memory 1.49 Mb (peak 11.98 Mb)
--- Starting Cplex

Version identifier: 22.1.1.0 | 2022-11-27 | 9160aff4d
CPXPARAM_Advance                                 0
CPXPARAM_Threads                                 1
CPXPARAM_MIP_Display                             4
CPXPARAM_MIP_Pool_Capacity                       0
CPXPARAM_Preprocessing_SOS1Reform                -1
CPXPARAM_Preprocessing_SOS2Reform                -1
CPXPARAM_Simplex_Limits_Iterations               2000000000
CPXPARAM_TimeLimit                               3600
CPXPARAM_MIP_Tolerances_AbsMIPGap                0
CPXPARAM_MIP_Tolerances_MIPGap                   0
Generic callback                                 0x50
Tried aggregator 7 times.
MIP Presolve eliminated 15262 rows and 29000 columns.
MIP Presolve modified 10460 coefficients.
Aggregator did 14324 substitutions.
Reduced MIP has 4503 rows, 14352 columns, and 30267 nonzeros.
Reduced MIP has 9 binaries, 0 generals, 773 SOSs, and 0 indicators.
Presolve time = 0.12 sec. (132.83 ticks)
Probing fixed 0 vars, tightened 2 bounds.
Probing time = 0.00 sec. (0.32 ticks)
Tried aggregator 1 time.
Detecting symmetries...
MIP Presolve eliminated 57 rows and 171 columns.
Reduced MIP has 4446 rows, 14181 columns, and 29974 nonzeros.
Reduced MIP has 9 binaries, 0 generals, 773 SOSs, and 0 indicators.
Presolve time = 0.01 sec. (21.78 ticks)
Probing time = 0.00 sec. (0.29 ticks)
Clique table members: 14.
MIP emphasis: balance optimality and feasibility.
MIP search method: dynamic search.
Parallel mode: none, using 1 thread.

Iteration log . . .
Iteration:     1   Dual objective     =      71563424.083285
Perturbation started.
Iteration:   101   Dual objective     =      71563424.083285
Iteration:   393   Dual objective     =      71563423.517195
Iteration:   625   Dual objective     =      71563265.686818
Iteration:   843   Dual objective     =      71563264.866682
Iteration:  1059   Dual objective     =      71563264.715219
Iteration:  1275   Dual objective     =      71563264.697262
Iteration:  1493   Dual objective     =      71563264.688483
Iteration:  1707   Dual objective     =      71563264.662252
Iteration:  1911   Dual objective     =      71563264.660463
Iteration:  2087   Dual objective     =      71563264.578754
Iteration:  2273   Dual objective     =      71563264.576805
Iteration:  2451   Dual objective     =      71563264.574901
Iteration:  2639   Dual objective     =      71563264.573419
Iteration:  2825   Dual objective     =      71563264.569791
Iteration:  2994   Dual objective     =      71563263.897059
Iteration:  3181   Dual objective     =      71563263.258847
Iteration:  3386   Dual objective     =      71563263.201837
Iteration:  3585   Dual objective     =      71563262.596283
Iteration:  3778   Dual objective     =      71563262.418056
Iteration:  3916   Dual objective     =      71563262.401461
Iteration:  4082   Dual objective     =      71563262.328583
Iteration:  4230   Dual objective     =      71563262.295283
Iteration:  4398   Dual objective     =      71563262.249988
Iteration:  4565   Dual objective     =      71563261.928893
Iteration:  4727   Dual objective     =      71563261.903275
Iteration:  4879   Dual objective     =      71563261.854042
Iteration:  5052   Dual objective     =      71563261.713163
Iteration:  5196   Dual objective     =      71563260.745493
Iteration:  5340   Dual objective     =      71563252.617300
Iteration:  5502   Dual objective     =      71563251.351537
Iteration:  5631   Dual objective     =      71563251.032042
Iteration:  5744   Dual objective     =      71563250.884895
Iteration:  5837   Dual objective     =      71563250.515871
Removing perturbation.
Root relaxation solution time = 0.17 sec. (281.60 ticks)

        Nodes                                         Cuts/
   Node  Left     Objective  IInf  Best Integer    Best Bound    ItCnt     Gap

      0     0   7.15633e+07     6                 7.15633e+07     5937         
      0     0   7.15632e+07     3                    Cuts: 67     5963         
*     0+    0                       6.35133e+07   7.15632e+07            12.67%
Found incumbent of value 6.3513276e+07 after 0.41 sec. (566.82 ticks)
      0     2   7.15632e+07     3   6.35133e+07   7.15632e+07     5963   12.67%
Elapsed time = 0.48 sec. (684.34 ticks, tree = 0.01 MB)
*     5     1      integral     0   7.15632e+07   7.15632e+07     6071    0.00%
Found incumbent of value 7.1563247e+07 after 0.50 sec. (711.42 ticks)

Implied bound cuts applied:  9
Flow cuts applied:  17
Mixed integer rounding cuts applied:  12
Gomory fractional cuts applied:  1

Root node processing (before b&c):
  Real time             =    0.48 sec. (684.00 ticks)
Sequential b&c:
  Real time             =    0.02 sec. (28.58 ticks)
                          ------------
Total (root+branch&cut) =    0.50 sec. (712.58 ticks)

--- MIP status (101): integer optimal solution.
--- Cplex Time: 0.50sec (det. 712.74 ticks)

--- Returning a primal only solution to GAMS (marginals all set to NA).
--- Fixing integer variables and solving final LP...

Version identifier: 22.1.1.0 | 2022-11-27 | 9160aff4d
CPXPARAM_Advance                                 2
CPXPARAM_Threads                                 1
CPXPARAM_MIP_Display                             4
CPXPARAM_MIP_Pool_Capacity                       0
CPXPARAM_Preprocessing_SOS1Reform                -1
CPXPARAM_Preprocessing_SOS2Reform                -1
CPXPARAM_Simplex_Limits_Iterations               2000000000
CPXPARAM_TimeLimit                               3600
CPXPARAM_MIP_Tolerances_AbsMIPGap                0
CPXPARAM_MIP_Tolerances_MIPGap                   0
Tried aggregator 1 time.
LP Presolve eliminated 24251 rows and 42164 columns.
Aggregator did 7363 substitutions.
Reduced LP has 2476 rows, 8155 columns, and 16736 nonzeros.
Presolve time = 0.05 sec. (45.69 ticks)
Initializing dual steep norms . . .

Iteration log . . .
Iteration:     1   Dual objective     =      71563424.083290
Iteration:   203   Dual objective     =      71563263.893967
Iteration:   413   Dual objective     =      71563263.077333
Iteration:   603   Dual objective     =      71563263.053161
Perturbation started.
Iteration:   702   Dual objective     =      71563263.053161
Iteration:   855   Dual objective     =      71563260.731511
Iteration:   980   Dual objective     =      71563260.490537
Iteration:  1097   Dual objective     =      71563260.368712
Iteration:  1230   Dual objective     =      71563259.235964
Iteration:  1369   Dual objective     =      71563255.826534
Iteration:  1519   Dual objective     =      71563252.679339
Iteration:  1654   Dual objective     =      71563250.129675
Iteration:  1784   Dual objective     =      71563247.961141
Iteration:  1914   Dual objective     =      71563247.219922
Iteration:  2005   Dual objective     =      71563247.085800
Removing perturbation.

--- Fixed MIP status (1): optimal.
--- Cplex Time: 0.11sec (det. 138.58 ticks)


Proven optimal solution
MIP Solution:     71563247.060132    (6071 iterations, 6 nodes)
Final Solve:      71563247.060129    (2060 iterations)

Best possible:    71563247.060132
Absolute gap:            0.000003
Relative gap:            0.000000

--- Reading solution for model vSPD_BranchFlowMIP
--- Executing after solve: elapsed 0:00:02.700
--- vSPDsolve.gms(3462) 42 Mb
--- Generating MIP model vSPD_BranchFlowMIP
--- vSPDsolve.gms(3817) 42 Mb
--- LOOPS FOR/WHILE = 2
---       ca = 311012023051230886
---       dt = 01-JUN-2023 00:30
---   34,091 rows  57,682 columns  113,757 non-zeroes
---   14 discrete-columns
--- Range statistics (absolute non-zero finite values)
--- RHS       [min, max] : [ 1.650E-03, 7.157E+07] - Zero values observed as well
--- Bound     [min, max] : [ 1.000E-03, 9.999E+03] - Zero values observed as well
--- Matrix    [min, max] : [ 1.098E-07, 1.000E+06]
--- Executing CPLEX (Solvelink=2): elapsed 0:00:02.904

IBM ILOG CPLEX   42.5.0 cf11b917 Mar 30, 2023          WEI x86 64bit/MS Window

--- GAMS/Cplex Link licensed for continuous and discrete problems.

Reading parameter(s) from "C:\vSPD\vSPD\Programs\cplex.opt"
>>  sos1reform = -1
>>  sos2reform = -1
Finished reading from "C:\vSPD\vSPD\Programs\cplex.opt"

--- GMO setup time: 0.00s
--- Space for names approximately 8.00 Mb
--- Use option 'names no' to turn use of names off
--- GMO memory 16.09 Mb (peak 16.53 Mb)
--- Dictionary memory 0.00 Mb
--- Cplex 22.1.1.0 link memory 1.49 Mb (peak 11.98 Mb)
--- Starting Cplex

Version identifier: 22.1.1.0 | 2022-11-27 | 9160aff4d
CPXPARAM_Advance                                 0
CPXPARAM_Threads                                 1
CPXPARAM_MIP_Display                             4
CPXPARAM_MIP_Pool_Capacity                       0
CPXPARAM_Preprocessing_SOS1Reform                -1
CPXPARAM_Preprocessing_SOS2Reform                -1
CPXPARAM_Simplex_Limits_Iterations               2000000000
CPXPARAM_TimeLimit                               3600
CPXPARAM_MIP_Tolerances_AbsMIPGap                0
CPXPARAM_MIP_Tolerances_MIPGap                   0
Generic callback                                 0x50
Tried aggregator 7 times.
MIP Presolve eliminated 15262 rows and 29000 columns.
MIP Presolve modified 10460 coefficients.
Aggregator did 14324 substitutions.
Reduced MIP has 4503 rows, 14352 columns, and 30267 nonzeros.
Reduced MIP has 9 binaries, 0 generals, 773 SOSs, and 0 indicators.
Presolve time = 0.12 sec. (132.83 ticks)
Probing fixed 0 vars, tightened 2 bounds.
Probing time = 0.00 sec. (0.32 ticks)
Tried aggregator 1 time.
Detecting symmetries...
MIP Presolve eliminated 57 rows and 171 columns.
Reduced MIP has 4446 rows, 14181 columns, and 29974 nonzeros.
Reduced MIP has 9 binaries, 0 generals, 773 SOSs, and 0 indicators.
Presolve time = 0.02 sec. (21.78 ticks)
Probing time = 0.00 sec. (0.29 ticks)
Clique table members: 14.
MIP emphasis: balance optimality and feasibility.
MIP search method: dynamic search.
Parallel mode: none, using 1 thread.

Iteration log . . .
Iteration:     1   Dual objective     =      71573617.246225
Perturbation started.
Iteration:   101   Dual objective     =      71573617.246225
Iteration:   393   Dual objective     =      71573616.680135
Iteration:   625   Dual objective     =      71573458.849758
Iteration:   847   Dual objective     =      71573458.029534
Iteration:  1078   Dual objective     =      71573457.878073
Iteration:  1289   Dual objective     =      71573457.860259
Iteration:  1502   Dual objective     =      71573457.852060
Iteration:  1701   Dual objective     =      71573457.825562
Iteration:  1909   Dual objective     =      71573457.823360
Iteration:  2100   Dual objective     =      71573457.821548
Iteration:  2270   Dual objective     =      71573457.738689
Iteration:  2433   Dual objective     =      71573457.737250
Iteration:  2645   Dual objective     =      71573457.736186
Iteration:  2812   Dual objective     =      71573457.732444
Iteration:  3010   Dual objective     =      71573457.059322
Iteration:  3215   Dual objective     =      71573456.391429
Iteration:  3410   Dual objective     =      71573455.743777
Iteration:  3566   Dual objective     =      71573455.554986
Iteration:  3738   Dual objective     =      71573455.518947
Iteration:  3866   Dual objective     =      71573455.503032
Iteration:  4012   Dual objective     =      71573455.482108
Iteration:  4159   Dual objective     =      71573455.462718
Iteration:  4327   Dual objective     =      71573455.372592
Iteration:  4505   Dual objective     =      71573455.168656
Iteration:  4635   Dual objective     =      71573455.085244
Iteration:  4801   Dual objective     =      71573454.953725
Iteration:  4979   Dual objective     =      71573454.905431
Iteration:  5121   Dual objective     =      71573454.726134
Iteration:  5265   Dual objective     =      71573453.934876
Iteration:  5420   Dual objective     =      71573445.591045
Iteration:  5585   Dual objective     =      71573444.284503
Iteration:  5710   Dual objective     =      71573444.179405
Iteration:  5824   Dual objective     =      71573444.133689
Iteration:  5935   Dual objective     =      71573444.035226
Iteration:  6027   Dual objective     =      71573443.658845
Removing perturbation.
Root relaxation solution time = 0.17 sec. (292.68 ticks)

        Nodes                                         Cuts/
   Node  Left     Objective  IInf  Best Integer    Best Bound    ItCnt     Gap

      0     0   7.15734e+07     6                 7.15734e+07     6094         
      0     0   7.15734e+07     3                    Cuts: 65     6118         
*     0+    0                       6.35235e+07   7.15734e+07            12.67%
Found incumbent of value 6.3523540e+07 after 0.42 sec. (577.97 ticks)
      0     2   7.15734e+07     3   6.35235e+07   7.15734e+07     6118   12.67%
Elapsed time = 0.50 sec. (696.73 ticks, tree = 0.01 MB)
*     5     2      integral     0   7.15734e+07   7.15734e+07     6231    0.00%
Found incumbent of value 7.1573440e+07 after 0.52 sec. (722.34 ticks)

Implied bound cuts applied:  9
Flow cuts applied:  18
Mixed integer rounding cuts applied:  9
Gomory fractional cuts applied:  1

Root node processing (before b&c):
  Real time             =    0.52 sec. (696.38 ticks)
Sequential b&c:
  Real time             =    0.02 sec. (47.73 ticks)
                          ------------
Total (root+branch&cut) =    0.53 sec. (744.11 ticks)

--- MIP status (101): integer optimal solution.
--- Cplex Time: 0.53sec (det. 744.28 ticks)

--- Returning a primal only solution to GAMS (marginals all set to NA).
--- Fixing integer variables and solving final LP...

Version identifier: 22.1.1.0 | 2022-11-27 | 9160aff4d
CPXPARAM_Advance                                 2
CPXPARAM_Threads                                 1
CPXPARAM_MIP_Display                             4
CPXPARAM_MIP_Pool_Capacity                       0
CPXPARAM_Preprocessing_SOS1Reform                -1
CPXPARAM_Preprocessing_SOS2Reform                -1
CPXPARAM_Simplex_Limits_Iterations               2000000000
CPXPARAM_TimeLimit                               3600
CPXPARAM_MIP_Tolerances_AbsMIPGap                0
CPXPARAM_MIP_Tolerances_MIPGap                   0
Tried aggregator 1 time.
LP Presolve eliminated 24251 rows and 42164 columns.
Aggregator did 7363 substitutions.
Reduced LP has 2476 rows, 8155 columns, and 16736 nonzeros.
Presolve time = 0.03 sec. (45.69 ticks)
Initializing dual steep norms . . .

Iteration log . . .
Iteration:     1   Dual objective     =      71573617.246230
Iteration:   225   Dual objective     =      71573457.056498
Iteration:   379   Dual objective     =      71573457.056498
Perturbation started.
Iteration:   404   Dual objective     =      71573457.056498
Iteration:   559   Dual objective     =      71573456.164214
Iteration:   695   Dual objective     =      71573453.611285
Iteration:   818   Dual objective     =      71573452.637384
Iteration:   932   Dual objective     =      71573452.549664
Iteration:  1066   Dual objective     =      71573449.589651
Iteration:  1229   Dual objective     =      71573447.271423
Iteration:  1385   Dual objective     =      71573444.455186
Iteration:  1510   Dual objective     =      71573443.086355
Iteration:  1633   Dual objective     =      71573440.935888
Iteration:  1734   Dual objective     =      71573440.329879
Iteration:  1826   Dual objective     =      71573440.229302
Removing perturbation.

--- Fixed MIP status (1): optimal.
--- Cplex Time: 0.09sec (det. 137.11 ticks)


Proven optimal solution
MIP Solution:     71573440.212000    (6232 iterations, 7 nodes)
Final Solve:      71573440.211998    (1873 iterations)

Best possible:    71573440.212000
Absolute gap:            0.000003
Relative gap:            0.000000

--- Reading solution for model vSPD_BranchFlowMIP
--- Executing after solve: elapsed 0:00:03.692
--- vSPDsolve.gms(4608) 45 Mb
--- GDX File (execute_unload) C:\vSPD\vSPD\Output\RTD_20230601_0030\RTD_20230601_new_AllData.gdx
--- vSPDsolve.gms(4616) 45 Mb
--- Putfile rep C:\vSPD\vSPD\Programs\ProgressReport.txt
--- Putfile temp C:\vSPD\vSPD\Programs\temp.put
--- Putfile SummaryResults_TP C:\vSPD\vSPD\Output\RTD_20230601_0030\RTD_20230601_0030_SummaryResults_TP.csv
--- Putfile IslandResults_TP C:\vSPD\vSPD\Output\RTD_20230601_0030\RTD_20230601_0030_IslandResults_TP.csv
--- Putfile BusResults_TP C:\vSPD\vSPD\Output\RTD_20230601_0030\RTD_20230601_0030_BusResults_TP.csv
--- Putfile NodeResults_TP C:\vSPD\vSPD\Output\RTD_20230601_0030\RTD_20230601_0030_NodeResults_TP.csv
--- Putfile OfferResults_TP C:\vSPD\vSPD\Output\RTD_20230601_0030\RTD_20230601_0030_OfferResults_TP.csv
--- Putfile ReserveResults_TP C:\vSPD\vSPD\Output\RTD_20230601_0030\RTD_20230601_0030_ReserveResults_TP.csv
--- Putfile riskResults_TP C:\vSPD\vSPD\Output\RTD_20230601_0030\RTD_20230601_0030_RiskResults_TP.csv
--- Putfile BranchResults_TP C:\vSPD\vSPD\Output\RTD_20230601_0030\RTD_20230601_0030_BranchResults_TP.csv
--- Putfile BrCstrResults_TP C:\vSPD\vSPD\Output\RTD_20230601_0030\RTD_20230601_0030_BrConstraintResults_TP.csv
--- Putfile MnodeCstrResults_TP C:\vSPD\vSPD\Output\RTD_20230601_0030\RTD_20230601_0030_MnodeConstraintResults_TP.csv
*** Status: Normal completion
--- Job vSPDsolve.gms Stop 07/28/23 13:59:06 elapsed 0:00:04.347
        1 file(s) copied.
--- runvSPD.gms(170) 4 Mb
        1 file(s) moved.
--- Putfile rep C:\vSPD\vSPD\Programs\ProgressReport.txt
--- Putfile temp C:\vSPD\vSPD\Programs\temp.put
--- Putfile vSPDcase C:\vSPD\vSPD\Programs\vSPDcase.inc
*** Status: Normal completion
--- Job runvSPD.gms Stop 07/28/23 13:59:06 elapsed 0:00:05.020
